<?xml version="1.0" encoding="UTF-8"?>
<!-- Generated by org.testng.reporters.JUnitReportReporter -->
<testsuite hostname="SIPl-DT-PS" failures="0" tests="3" name="Softude.Hyperlocology.Tests.SubscriptionsPageTest" time="51.632" errors="0" timestamp="2023-12-07T10:54:07 IST" skipped="0">
  <testcase classname="Softude.Hyperlocology.Tests.SubscriptionsPageTest" name="ValidateTheStatusOfBrand" time="14.118"/>
  <system-out/>
  <testcase classname="Softude.Hyperlocology.Tests.SubscriptionsPageTest" name="addNewSubscriptionPage" time="17.709"/>
  <system-out/>
  <testcase classname="Softude.Hyperlocology.Tests.SubscriptionsPageTest" name="addNewSubscriptionPage" time="19.805"/>
  <system-out/>
</testsuite> <!-- Softude.Hyperlocology.Tests.SubscriptionsPageTest -->
