<?xml version="1.0" encoding="UTF-8"?>
<!-- Generated by org.testng.reporters.JUnitReportReporter -->
<testsuite hostname="SIPl-DT-PS" failures="0" tests="1" name="Softude.Hyperlocology.Tests.CompaignSetupTest" time="19.383" errors="0" timestamp="2023-12-13T11:37:22 IST" skipped="0">
  <testcase classname="Softude.Hyperlocology.Tests.CompaignSetupTest" name="validateTheCampaignName" time="19.383"/>
  <system-out/>
</testsuite> <!-- Softude.Hyperlocology.Tests.CompaignSetupTest -->
